#
# There is insufficient memory for the Java Runtime Environment to continue.
# Native memory allocation (malloc) failed to allocate 262160 bytes for Chunk::new
# Possible reasons:
#   The system is out of physical RAM or swap space
#   The process is running with CompressedOops enabled, and the Java Heap may be blocking the growth of the native heap
# Possible solutions:
#   Reduce memory load on the system
#   Increase physical memory or swap space
#   Check if swap backing store is full
#   Decrease Java heap size (-Xmx/-Xms)
#   Decrease number of Java threads
#   Decrease Java thread stack sizes (-Xss)
#   Set larger code cache with -XX:ReservedCodeCacheSize=
#   JVM is running with Unscaled Compressed Oops mode in which the Java heap is
#     placed in the first 4GB address space. The Java Heap base address is the
#     maximum limit for the native heap growth. Please use -XX:HeapBaseMinAddress
#     to set the Java Heap base and to place the Java Heap above 4GB virtual address.
# This output file may be truncated or incomplete.
#
#  Out of Memory Error (./src/hotspot/share/memory/arena.cpp:197), pid=4348, tid=4592
#
# JRE version: OpenJDK Runtime Environment (11.0.8+10) (build 11.0.8+10-b944.6842174)
# Java VM: OpenJDK 64-Bit Server VM (11.0.8+10-b944.6842174, mixed mode, tiered, compressed oops, g1 gc, windows-amd64)
# No core dump will be written. Minidumps are not enabled by default on client versions of Windows
#

---------------  S U M M A R Y ------------

Command Line: --add-opens=java.base/java.util=ALL-UNNAMED --add-opens=java.base/java.lang=ALL-UNNAMED --add-opens=java.base/java.lang.invoke=ALL-UNNAMED --add-opens=java.prefs/java.util.prefs=ALL-UNNAMED -Xmx2048m -Dfile.encoding=UTF-8 -Duser.country=RU -Duser.language=ru -Duser.variant org.gradle.launcher.daemon.bootstrap.GradleDaemon 6.7.1

Host: AMD Athlon(tm) 64 X2 Dual Core Processor 4200+, 2 cores, 3G,  Windows 7 , 64 bit Build 7601 (6.1.7601.24596)
Time: Thu Feb 10 21:22:28 2022 RTZ 1 (ceia) elapsed time: 2768 seconds (0d 0h 46m 8s)

---------------  T H R E A D  ---------------

Current thread (0x000000005d250000):  JavaThread "C2 CompilerThread0" daemon [_thread_in_native, id=4592, stack(0x000000005dc40000,0x000000005dd40000)]


Current CompileTask:
C2:2768444 18508       4       java.lang.Class::privateGetPublicMethods (224 bytes)

Stack: [0x000000005dc40000,0x000000005dd40000]
Native frames: (J=compiled Java code, j=interpreted, Vv=VM code, C=native code)
V  [jvm.dll+0x5de50a]
V  [jvm.dll+0x7122f5]
V  [jvm.dll+0x71384d]
V  [jvm.dll+0x713f03]
V  [jvm.dll+0x23e728]
V  [jvm.dll+0xb899c]
V  [jvm.dll+0xb8e9c]
V  [jvm.dll+0xb8a98]
V  [jvm.dll+0x5be3b0]
V  [jvm.dll+0x1fde0e]
V  [jvm.dll+0x608ff4]
V  [jvm.dll+0x1f6794]
V  [jvm.dll+0x17f32c]
V  [jvm.dll+0x205047]
V  [jvm.dll+0x203891]
V  [jvm.dll+0x6dad3f]
V  [jvm.dll+0x6d3895]
V  [jvm.dll+0x5dd4a6]
C  [ucrtbase.DLL+0x1f4a0]
C  [kernel32.dll+0x155dd]
C  [ntdll.dll+0x5295d]


---------------  P R O C E S S  ---------------

Threads class SMR info:
_java_thread_list=0x00000000701d8030, length=39, elements={
0x00000000003ee800, 0x000000005d231800, 0x000000005d23c800, 0x000000005d24b800,
0x000000005d24e800, 0x000000005d250000, 0x000000005d279000, 0x000000005d288000,
0x000000005dfe7000, 0x000000005e01e800, 0x000000005ff72000, 0x000000005f65a000,
0x000000005f616000, 0x00000000601e1000, 0x00000000601e2000, 0x00000000601e2800,
0x00000000601e6800, 0x0000000064239800, 0x00000000607c9000, 0x00000000602f0800,
0x00000000602f3800, 0x00000000602f2000, 0x000000006423f000, 0x00000000602f5800,
0x0000000071b26000, 0x0000000071b29800, 0x0000000071b28800, 0x0000000071b27800,
0x0000000071b27000, 0x0000000071b2a000, 0x0000000071b2c000, 0x0000000060f33800,
0x0000000060f36000, 0x0000000060f39000, 0x0000000060f32800, 0x0000000060f36800,
0x00000000607cd000, 0x00000000607c8000, 0x000000006fdf9800
}

Java Threads: ( => current thread )
  0x00000000003ee800 JavaThread "main" [_thread_blocked, id=1576, stack(0x00000000020d0000,0x00000000021d0000)]
  0x000000005d231800 JavaThread "Reference Handler" daemon [_thread_blocked, id=6868, stack(0x000000005d6b0000,0x000000005d7b0000)]
  0x000000005d23c800 JavaThread "Finalizer" daemon [_thread_blocked, id=4816, stack(0x000000005d580000,0x000000005d680000)]
  0x000000005d24b800 JavaThread "Signal Dispatcher" daemon [_thread_blocked, id=6484, stack(0x000000005d8f0000,0x000000005d9f0000)]
  0x000000005d24e800 JavaThread "Attach Listener" daemon [_thread_blocked, id=1232, stack(0x000000005da20000,0x000000005db20000)]
=>0x000000005d250000 JavaThread "C2 CompilerThread0" daemon [_thread_in_native, id=4592, stack(0x000000005dc40000,0x000000005dd40000)]
  0x000000005d279000 JavaThread "C1 CompilerThread0" daemon [_thread_blocked, id=6628, stack(0x000000005de60000,0x000000005df60000)]
  0x000000005d288000 JavaThread "Sweeper thread" daemon [_thread_blocked, id=7068, stack(0x000000005db30000,0x000000005dc30000)]
  0x000000005dfe7000 JavaThread "Common-Cleaner" daemon [_thread_blocked, id=4724, stack(0x000000005e460000,0x000000005e560000)]
  0x000000005e01e800 JavaThread "Service Thread" daemon [_thread_blocked, id=4320, stack(0x000000005dd40000,0x000000005de40000)]
  0x000000005ff72000 JavaThread "Daemon health stats" [_thread_blocked, id=4028, stack(0x000000005e750000,0x000000005e850000)]
  0x000000005f65a000 JavaThread "Incoming local TCP Connector on port 52512" [_thread_in_native, id=2844, stack(0x0000000061910000,0x0000000061a10000)]
  0x000000005f616000 JavaThread "Daemon periodic checks" [_thread_blocked, id=472, stack(0x0000000062020000,0x0000000062120000)]
  0x00000000601e1000 JavaThread "Cache worker for file hash cache (C:\Users\User\.gradle\caches\6.7.1\fileHashes)" [_thread_blocked, id=6840, stack(0x0000000062d50000,0x0000000062e50000)]
  0x00000000601e2000 JavaThread "File lock request listener" [_thread_in_native, id=6712, stack(0x0000000062f60000,0x0000000063060000)]
  0x00000000601e2800 JavaThread "Cache worker for journal cache (C:\Users\User\.gradle\caches\journal-1)" [_thread_blocked, id=2040, stack(0x00000000633b0000,0x00000000634b0000)]
  0x00000000601e6800 JavaThread "Cache worker for execution history cache (C:\Users\User\.gradle\caches\6.7.1\executionHistory)" [_thread_blocked, id=5528, stack(0x00000000651c0000,0x00000000652c0000)]
  0x0000000064239800 JavaThread "Cache worker for file content cache (C:\Users\User\.gradle\caches\6.7.1\fileContent)" [_thread_blocked, id=5916, stack(0x0000000064e10000,0x0000000064f10000)]
  0x00000000607c9000 JavaThread "Memory manager" [_thread_blocked, id=6816, stack(0x0000000070c90000,0x0000000070d90000)]
  0x00000000602f0800 JavaThread "RMI Scheduler(0)" daemon [_thread_blocked, id=6776, stack(0x0000000067230000,0x0000000067330000)]
  0x00000000602f3800 JavaThread "RMI GC Daemon" daemon [_thread_blocked, id=2912, stack(0x0000000061a40000,0x0000000061b40000)]
  0x00000000602f2000 JavaThread "RMI TCP Accept-0" daemon [_thread_in_native, id=6592, stack(0x00000000675d0000,0x00000000676d0000)]
  0x000000006423f000 JavaThread "RMI Reaper" [_thread_blocked, id=3688, stack(0x0000000066990000,0x0000000066a90000)]
  0x00000000602f5800 JavaThread "Cache worker for Java compile cache (C:\Users\User\.gradle\caches\6.7.1\javaCompile)" [_thread_blocked, id=6244, stack(0x00000000678d0000,0x00000000679d0000)]
  0x0000000071b26000 JavaThread "ForkJoinPool.commonPool-worker-3" daemon [_thread_blocked, id=4292, stack(0x0000000076870000,0x0000000076970000)]
  0x0000000071b29800 JavaThread "Daemon Thread 4" [_thread_blocked, id=4660, stack(0x00000000626e0000,0x00000000627e0000)]
  0x0000000071b28800 JavaThread "Handler for socket connection from /127.0.0.1:52512 to /127.0.0.1:60380" [_thread_in_native, id=5324, stack(0x0000000062850000,0x0000000062950000)]
  0x0000000071b27800 JavaThread "Cancel handler" [_thread_blocked, id=4140, stack(0x0000000062a00000,0x0000000062b00000)]
  0x0000000071b27000 JavaThread "Daemon worker Thread 4" [_thread_in_vm, id=2924, stack(0x00000000625e0000,0x00000000626e0000)]
  0x0000000071b2a000 JavaThread "Asynchronous log dispatcher for DefaultDaemonConnection: socket connection from /127.0.0.1:52512 to /127.0.0.1:60380" [_thread_blocked, id=5076, stack(0x0000000062150000,0x0000000062250000)]
  0x0000000071b2c000 JavaThread "Thread-442" [_thread_blocked, id=6632, stack(0x00000000638b0000,0x00000000639b0000)]
  0x0000000060f33800 JavaThread "Cache worker for file hash cache (E:\PROJECT_JAVA\AS_FX\BMICalculator\.gradle\6.7.1\fileHashes)" [_thread_blocked, id=5844, stack(0x0000000063280000,0x0000000063380000)]
  0x0000000060f36000 JavaThread "Cache worker for checksums cache (E:\PROJECT_JAVA\AS_FX\BMICalculator\.gradle\checksums)" [_thread_blocked, id=5896, stack(0x0000000063c30000,0x0000000063d30000)]
  0x0000000060f39000 JavaThread "Cache worker for cache directory md-supplier (C:\Users\User\.gradle\caches\6.7.1\md-supplier)" [_thread_blocked, id=5732, stack(0x0000000066210000,0x0000000066310000)]
  0x0000000060f32800 JavaThread "Cache worker for cache directory md-rule (C:\Users\User\.gradle\caches\6.7.1\md-rule)" [_thread_blocked, id=2908, stack(0x0000000066690000,0x0000000066790000)]
  0x0000000060f36800 JavaThread "Cache worker for Build Output Cleanup Cache (E:\PROJECT_JAVA\AS_FX\BMICalculator\.gradle\buildOutputCleanup)" [_thread_blocked, id=4900, stack(0x0000000063af0000,0x0000000063bf0000)]
  0x00000000607cd000 JavaThread "Build operations" [_thread_blocked, id=1840, stack(0x0000000067a00000,0x0000000067b00000)]
  0x00000000607c8000 JavaThread "Build operations Thread 2" [_thread_blocked, id=2336, stack(0x0000000068060000,0x0000000068160000)]
  0x000000006fdf9800 JavaThread "jar transforms Thread 445" [_thread_blocked, id=6616, stack(0x0000000075500000,0x0000000075600000)]

Other Threads:
  0x000000005d22e000 VMThread "VM Thread" [stack: 0x000000005d3f0000,0x000000005d4f0000] [id=3996]
  0x000000005e01b800 WatcherThread [stack: 0x000000005e5d0000,0x000000005e6d0000] [id=3284]
  0x0000000000408800 GCTaskThread "GC Thread#0" [stack: 0x0000000015090000,0x0000000015190000] [id=6844]
  0x000000005e092800 GCTaskThread "GC Thread#1" [stack: 0x000000005e880000,0x000000005e980000] [id=5420]
  0x000000000043a000 ConcurrentGCThread "G1 Main Marker" [stack: 0x000000001a050000,0x000000001a150000] [id=6724]
  0x000000000043d000 ConcurrentGCThread "G1 Conc#0" [stack: 0x000000001a1c0000,0x000000001a2c0000] [id=2808]
  0x000000000048a800 ConcurrentGCThread "G1 Refine#0" [stack: 0x000000001c580000,0x000000001c680000] [id=6276]
  0x000000000048b800 ConcurrentGCThread "G1 Young RemSet Sampling" [stack: 0x000000001c860000,0x000000001c960000] [id=6200]

Threads with active compile tasks:
C2 CompilerThread02770197 18508       4       java.lang.Class::privateGetPublicMethods (224 bytes)

VM state:synchronizing (normal execution)

VM Mutex/Monitor currently owned by a thread:  ([mutex/lock_event])
[0x00000000003ea6e0] Threads_lock - owner thread: 0x000000005d22e000

Heap address: 0x0000000080000000, size: 2048 MB, Compressed Oops mode: 32-bit
Narrow klass base: 0x0000000000000000, Narrow klass shift: 0
Compressed class space size: 1073741824 Address: 0x000000001c960000

Heap:
 garbage-first heap   total 177152K, used 101905K [0x0000000080000000, 0x0000000100000000)
  region size 1024K, 10 young (10240K), 1 survivors (1024K)
 Metaspace       used 127474K, capacity 130585K, committed 131324K, reserved 1169408K
  class space    used 16277K, capacity 17354K, committed 17536K, reserved 1048576K
Heap Regions: E=young(eden), S=young(survivor), O=old, HS=humongous(starts), HC=humongous(continues), CS=collection set, F=free, A=archive, TAMS=top-at-mark-start (previous, next)
|   0|0x0000000080000000, 0x0000000080100000, 0x0000000080100000|100%| O|  |TAMS 0x0000000080100000, 0x0000000080000000| Complete 
|   1|0x0000000080100000, 0x0000000080200000, 0x0000000080200000|100%| O|  |TAMS 0x0000000080200000, 0x0000000080100000| Complete 
|   2|0x0000000080200000, 0x0000000080300000, 0x0000000080300000|100%| O|  |TAMS 0x0000000080300000, 0x0000000080200000| Untracked 
|   3|0x0000000080300000, 0x0000000080400000, 0x0000000080400000|100%| O|  |TAMS 0x0000000080400000, 0x0000000080300000| Untracked 
|   4|0x0000000080400000, 0x0000000080500000, 0x0000000080500000|100%|HS|  |TAMS 0x0000000080500000, 0x0000000080400000| Complete 
|   5|0x0000000080500000, 0x0000000080600000, 0x0000000080600000|100%|HC|  |TAMS 0x0000000080600000, 0x0000000080500000| Complete 
|   6|0x0000000080600000, 0x0000000080700000, 0x0000000080700000|100%|HC|  |TAMS 0x0000000080700000, 0x0000000080600000| Complete 
|   7|0x0000000080700000, 0x0000000080800000, 0x0000000080800000|100%| O|  |TAMS 0x0000000080800000, 0x0000000080700000| Untracked 
|   8|0x0000000080800000, 0x0000000080900000, 0x0000000080900000|100%| O|  |TAMS 0x0000000080900000, 0x0000000080800000| Complete 
|   9|0x0000000080900000, 0x0000000080a00000, 0x0000000080a00000|100%| O|  |TAMS 0x0000000080a00000, 0x0000000080900000| Untracked 
|  10|0x0000000080a00000, 0x0000000080b00000, 0x0000000080b00000|100%| O|  |TAMS 0x0000000080b00000, 0x0000000080a00000| Untracked 
|  11|0x0000000080b00000, 0x0000000080c00000, 0x0000000080c00000|100%| O|  |TAMS 0x0000000080c00000, 0x0000000080b00000| Untracked 
|  12|0x0000000080c00000, 0x0000000080d00000, 0x0000000080d00000|100%| O|  |TAMS 0x0000000080d00000, 0x0000000080c00000| Untracked 
|  13|0x0000000080d00000, 0x0000000080e00000, 0x0000000080e00000|100%| O|  |TAMS 0x0000000080e00000, 0x0000000080d00000| Untracked 
|  14|0x0000000080e00000, 0x0000000080f00000, 0x0000000080f00000|100%| O|  |TAMS 0x0000000080f00000, 0x0000000080e00000| Complete 
|  15|0x0000000080f00000, 0x0000000081000000, 0x0000000081000000|100%| O|  |TAMS 0x0000000081000000, 0x0000000080f00000| Complete 
|  16|0x0000000081000000, 0x0000000081100000, 0x0000000081100000|100%| O|  |TAMS 0x0000000081100000, 0x0000000081000000| Complete 
|  17|0x0000000081100000, 0x0000000081200000, 0x0000000081200000|100%| O|  |TAMS 0x0000000081200000, 0x0000000081100000| Untracked 
|  18|0x0000000081200000, 0x0000000081300000, 0x0000000081300000|100%| O|  |TAMS 0x0000000081300000, 0x0000000081200000| Complete 
|  19|0x0000000081300000, 0x0000000081400000, 0x0000000081400000|100%| O|  |TAMS 0x0000000081400000, 0x0000000081300000| Complete 
|  20|0x0000000081400000, 0x0000000081500000, 0x0000000081500000|100%| O|  |TAMS 0x0000000081500000, 0x0000000081400000| Complete 
|  21|0x0000000081500000, 0x0000000081600000, 0x0000000081600000|100%| O|  |TAMS 0x0000000081600000, 0x0000000081500000| Complete 
|  22|0x0000000081600000, 0x0000000081700000, 0x0000000081700000|100%| O|  |TAMS 0x0000000081700000, 0x0000000081600000| Untracked 
|  23|0x0000000081700000, 0x0000000081800000, 0x0000000081800000|100%| O|  |TAMS 0x0000000081800000, 0x0000000081700000| Complete 
|  24|0x0000000081800000, 0x0000000081900000, 0x0000000081900000|100%| O|  |TAMS 0x0000000081900000, 0x0000000081800000| Untracked 
|  25|0x0000000081900000, 0x0000000081a00000, 0x0000000081a00000|100%| O|  |TAMS 0x0000000081a00000, 0x0000000081900000| Complete 
|  26|0x0000000081a00000, 0x0000000081b00000, 0x0000000081b00000|100%| O|  |TAMS 0x0000000081b00000, 0x0000000081a00000| Untracked 
|  27|0x0000000081b00000, 0x0000000081c00000, 0x0000000081c00000|100%| O|  |TAMS 0x0000000081c00000, 0x0000000081b00000| Complete 
|  28|0x0000000081c00000, 0x0000000081d00000, 0x0000000081d00000|100%|HS|  |TAMS 0x0000000081d00000, 0x0000000081c00000| Complete 
|  29|0x0000000081d00000, 0x0000000081e00000, 0x0000000081e00000|100%| O|  |TAMS 0x0000000081e00000, 0x0000000081d00000| Untracked 
|  30|0x0000000081e00000, 0x0000000081f00000, 0x0000000081f00000|100%| O|  |TAMS 0x0000000081f00000, 0x0000000081e00000| Untracked 
|  31|0x0000000081f00000, 0x0000000082000000, 0x0000000082000000|100%| O|  |TAMS 0x0000000082000000, 0x0000000081f00000| Complete 
|  32|0x0000000082000000, 0x0000000082100000, 0x0000000082100000|100%|HS|  |TAMS 0x0000000082100000, 0x0000000082000000| Complete 
|  33|0x0000000082100000, 0x0000000082200000, 0x0000000082200000|100%|HC|  |TAMS 0x0000000082200000, 0x0000000082100000| Complete 
|  34|0x0000000082200000, 0x0000000082300000, 0x0000000082300000|100%|HC|  |TAMS 0x0000000082300000, 0x0000000082200000| Complete 
|  35|0x0000000082300000, 0x0000000082400000, 0x0000000082400000|100%| O|  |TAMS 0x0000000082400000, 0x0000000082300000| Untracked 
|  36|0x0000000082400000, 0x0000000082500000, 0x0000000082500000|100%| O|  |TAMS 0x0000000082500000, 0x0000000082400000| Untracked 
|  37|0x0000000082500000, 0x0000000082600000, 0x0000000082600000|100%| O|  |TAMS 0x0000000082600000, 0x0000000082500000| Untracked 
|  38|0x0000000082600000, 0x0000000082700000, 0x0000000082700000|100%|HS|  |TAMS 0x0000000082700000, 0x0000000082600000| Complete 
|  39|0x0000000082700000, 0x0000000082800000, 0x0000000082800000|100%|HC|  |TAMS 0x0000000082800000, 0x0000000082700000| Complete 
|  40|0x0000000082800000, 0x0000000082900000, 0x0000000082900000|100%| O|  |TAMS 0x0000000082900000, 0x0000000082800000| Untracked 
|  41|0x0000000082900000, 0x0000000082a00000, 0x0000000082a00000|100%| O|  |TAMS 0x0000000082a00000, 0x0000000082900000| Complete 
|  42|0x0000000082a00000, 0x0000000082b00000, 0x0000000082b00000|100%| O|  |TAMS 0x0000000082b00000, 0x0000000082a00000| Untracked 
|  43|0x0000000082b00000, 0x0000000082c00000, 0x0000000082c00000|100%| O|  |TAMS 0x0000000082c00000, 0x0000000082b00000| Complete 
|  44|0x0000000082c00000, 0x0000000082d00000, 0x0000000082d00000|100%| O|  |TAMS 0x0000000082d00000, 0x0000000082c00000| Complete 
|  45|0x0000000082d00000, 0x0000000082e00000, 0x0000000082e00000|100%| O|  |TAMS 0x0000000082e00000, 0x0000000082d00000| Complete 
|  46|0x0000000082e00000, 0x0000000082f00000, 0x0000000082f00000|100%| O|  |TAMS 0x0000000082f00000, 0x0000000082e00000| Untracked 
|  47|0x0000000082f00000, 0x0000000083000000, 0x0000000083000000|100%| O|  |TAMS 0x0000000083000000, 0x0000000082f00000| Untracked 
|  48|0x0000000083000000, 0x0000000083100000, 0x0000000083100000|100%| O|  |TAMS 0x0000000083100000, 0x0000000083000000| Complete 
|  49|0x0000000083100000, 0x0000000083200000, 0x0000000083200000|100%| O|  |TAMS 0x0000000083200000, 0x0000000083100000| Complete 
|  50|0x0000000083200000, 0x0000000083300000, 0x0000000083300000|100%| O|  |TAMS 0x0000000083300000, 0x0000000083200000| Untracked 
|  51|0x0000000083300000, 0x0000000083400000, 0x0000000083400000|100%| O|  |TAMS 0x0000000083400000, 0x0000000083300000| Complete 
|  52|0x0000000083400000, 0x0000000083500000, 0x0000000083500000|100%| O|  |TAMS 0x0000000083500000, 0x0000000083400000| Untracked 
|  53|0x0000000083500000, 0x0000000083600000, 0x0000000083600000|100%| O|  |TAMS 0x0000000083600000, 0x0000000083500000| Untracked 
|  54|0x0000000083600000, 0x0000000083684600, 0x0000000083700000| 51%| O|  |TAMS 0x0000000083684600, 0x0000000083600000| Untracked 
|  55|0x0000000083700000, 0x0000000083800000, 0x0000000083800000|100%| O|  |TAMS 0x0000000083800000, 0x0000000083700000| Complete 
|  56|0x0000000083800000, 0x0000000083900000, 0x0000000083900000|100%| O|  |TAMS 0x0000000083900000, 0x0000000083800000| Complete 
|  57|0x0000000083900000, 0x0000000083900000, 0x0000000083a00000|  0%| F|  |TAMS 0x0000000083900000, 0x0000000083900000| Untracked 
|  58|0x0000000083a00000, 0x0000000083b00000, 0x0000000083b00000|100%| O|  |TAMS 0x0000000083b00000, 0x0000000083a00000| Complete 
|  59|0x0000000083b00000, 0x0000000083c00000, 0x0000000083c00000|100%| O|  |TAMS 0x0000000083c00000, 0x0000000083b00000| Complete 
|  60|0x0000000083c00000, 0x0000000083c00000, 0x0000000083d00000|  0%| F|  |TAMS 0x0000000083c00000, 0x0000000083c00000| Untracked 
|  61|0x0000000083d00000, 0x0000000083d00000, 0x0000000083e00000|  0%| F|  |TAMS 0x0000000083d00000, 0x0000000083d00000| Untracked 
|  62|0x0000000083e00000, 0x0000000083f00000, 0x0000000083f00000|100%| O|  |TAMS 0x0000000083f00000, 0x0000000083e00000| Complete 
|  63|0x0000000083f00000, 0x0000000084000000, 0x0000000084000000|100%| O|  |TAMS 0x0000000084000000, 0x0000000083f00000| Complete 
|  64|0x0000000084000000, 0x0000000084000000, 0x0000000084100000|  0%| F|  |TAMS 0x0000000084000000, 0x0000000084000000| Untracked 
|  65|0x0000000084100000, 0x0000000084200000, 0x0000000084200000|100%| O|  |TAMS 0x0000000084200000, 0x0000000084100000| Complete 
|  66|0x0000000084200000, 0x0000000084300000, 0x0000000084300000|100%| O|  |TAMS 0x0000000084300000, 0x0000000084200000| Complete 
|  67|0x0000000084300000, 0x0000000084400000, 0x0000000084400000|100%| O|  |TAMS 0x0000000084400000, 0x0000000084300000| Complete 
|  68|0x0000000084400000, 0x0000000084500000, 0x0000000084500000|100%| O|  |TAMS 0x0000000084500000, 0x0000000084400000| Untracked 
|  69|0x0000000084500000, 0x0000000084500000, 0x0000000084600000|  0%| F|  |TAMS 0x0000000084500000, 0x0000000084500000| Untracked 
|  70|0x0000000084600000, 0x0000000084700000, 0x0000000084700000|100%| O|  |TAMS 0x0000000084700000, 0x0000000084600000| Complete 
|  71|0x0000000084700000, 0x0000000084800000, 0x0000000084800000|100%| O|  |TAMS 0x0000000084800000, 0x0000000084700000| Complete 
|  72|0x0000000084800000, 0x0000000084900000, 0x0000000084900000|100%| O|  |TAMS 0x0000000084900000, 0x0000000084800000| Complete 
|  73|0x0000000084900000, 0x0000000084a00000, 0x0000000084a00000|100%| O|  |TAMS 0x0000000084a00000, 0x0000000084900000| Complete 
|  74|0x0000000084a00000, 0x0000000084a00000, 0x0000000084b00000|  0%| F|  |TAMS 0x0000000084a00000, 0x0000000084a00000| Untracked 
|  75|0x0000000084b00000, 0x0000000084c00000, 0x0000000084c00000|100%| O|  |TAMS 0x0000000084c00000, 0x0000000084b00000| Untracked 
|  76|0x0000000084c00000, 0x0000000084d00000, 0x0000000084d00000|100%| O|  |TAMS 0x0000000084d00000, 0x0000000084c00000| Complete 
|  77|0x0000000084d00000, 0x0000000084e00000, 0x0000000084e00000|100%| O|  |TAMS 0x0000000084e00000, 0x0000000084d00000| Untracked 
|  78|0x0000000084e00000, 0x0000000084f00000, 0x0000000084f00000|100%| O|  |TAMS 0x0000000084f00000, 0x0000000084e00000| Untracked 
|  79|0x0000000084f00000, 0x0000000085000000, 0x0000000085000000|100%| O|  |TAMS 0x0000000085000000, 0x0000000084f00000| Untracked 
|  80|0x0000000085000000, 0x0000000085000000, 0x0000000085100000|  0%| F|  |TAMS 0x0000000085000000, 0x0000000085000000| Untracked 
|  81|0x0000000085100000, 0x0000000085200000, 0x0000000085200000|100%| O|  |TAMS 0x0000000085200000, 0x0000000085100000| Complete 
|  82|0x0000000085200000, 0x0000000085300000, 0x0000000085300000|100%| O|  |TAMS 0x0000000085300000, 0x0000000085200000| Untracked 
|  83|0x0000000085300000, 0x0000000085300000, 0x0000000085400000|  0%| F|  |TAMS 0x0000000085300000, 0x0000000085300000| Untracked 
|  84|0x0000000085400000, 0x0000000085500000, 0x0000000085500000|100%| O|  |TAMS 0x0000000085500000, 0x0000000085400000| Complete 
|  85|0x0000000085500000, 0x0000000085500000, 0x0000000085600000|  0%| F|  |TAMS 0x0000000085500000, 0x0000000085500000| Untracked 
|  86|0x0000000085600000, 0x0000000085700000, 0x0000000085700000|100%| O|  |TAMS 0x0000000085700000, 0x0000000085600000| Complete 
|  87|0x0000000085700000, 0x0000000085800000, 0x0000000085800000|100%| O|  |TAMS 0x0000000085800000, 0x0000000085700000| Complete 
|  88|0x0000000085800000, 0x0000000085900000, 0x0000000085900000|100%| O|  |TAMS 0x0000000085900000, 0x0000000085800000| Untracked 
|  89|0x0000000085900000, 0x0000000085a00000, 0x0000000085a00000|100%| O|  |TAMS 0x0000000085a00000, 0x0000000085900000| Untracked 
|  90|0x0000000085a00000, 0x0000000085b00000, 0x0000000085b00000|100%| O|  |TAMS 0x0000000085b00000, 0x0000000085a00000| Untracked 
|  91|0x0000000085b00000, 0x0000000085c00000, 0x0000000085c00000|100%| O|  |TAMS 0x0000000085c00000, 0x0000000085b00000| Untracked 
|  92|0x0000000085c00000, 0x0000000085d00000, 0x0000000085d00000|100%| O|  |TAMS 0x0000000085d00000, 0x0000000085c00000| Untracked 
|  93|0x0000000085d00000, 0x0000000085e00000, 0x0000000085e00000|100%| O|  |TAMS 0x0000000085e00000, 0x0000000085d00000| Untracked 
|  94|0x0000000085e00000, 0x0000000085f00000, 0x0000000085f00000|100%| O|  |TAMS 0x0000000085f00000, 0x0000000085e00000| Untracked 
|  95|0x0000000085f00000, 0x0000000085f00000, 0x0000000086000000|  0%| F|  |TAMS 0x0000000085f00000, 0x0000000085f00000| Untracked 
|  96|0x0000000086000000, 0x0000000086000000, 0x0000000086100000|  0%| F|  |TAMS 0x0000000086000000, 0x0000000086000000| Untracked 
|  97|0x0000000086100000, 0x0000000086100000, 0x0000000086200000|  0%| F|  |TAMS 0x0000000086100000, 0x0000000086100000| Untracked 
|  98|0x0000000086200000, 0x0000000086200000, 0x0000000086300000|  0%| F|  |TAMS 0x0000000086200000, 0x0000000086200000| Untracked 
|  99|0x0000000086300000, 0x0000000086300000, 0x0000000086400000|  0%| F|  |TAMS 0x0000000086300000, 0x0000000086300000| Untracked 
| 100|0x0000000086400000, 0x0000000086400000, 0x0000000086500000|  0%| F|  |TAMS 0x0000000086400000, 0x0000000086400000| Untracked 
| 101|0x0000000086500000, 0x0000000086500000, 0x0000000086600000|  0%| F|  |TAMS 0x0000000086500000, 0x0000000086500000| Untracked 
| 102|0x0000000086600000, 0x0000000086600000, 0x0000000086700000|  0%| F|  |TAMS 0x0000000086600000, 0x0000000086600000| Untracked 
| 103|0x0000000086700000, 0x0000000086800000, 0x0000000086800000|100%| O|  |TAMS 0x0000000086800000, 0x0000000086700000| Untracked 
| 104|0x0000000086800000, 0x0000000086900000, 0x0000000086900000|100%| O|  |TAMS 0x0000000086900000, 0x0000000086800000| Untracked 
| 105|0x0000000086900000, 0x0000000086a00000, 0x0000000086a00000|100%| O|  |TAMS 0x0000000086a00000, 0x0000000086900000| Complete 
| 106|0x0000000086a00000, 0x0000000086b00000, 0x0000000086b00000|100%| O|  |TAMS 0x0000000086b00000, 0x0000000086a00000| Untracked 
| 107|0x0000000086b00000, 0x0000000086c00000, 0x0000000086c00000|100%| O|  |TAMS 0x0000000086c00000, 0x0000000086b00000| Complete 
| 108|0x0000000086c00000, 0x0000000086c00000, 0x0000000086d00000|  0%| F|  |TAMS 0x0000000086c00000, 0x0000000086c00000| Untracked 
| 109|0x0000000086d00000, 0x0000000086d00000, 0x0000000086e00000|  0%| F|  |TAMS 0x0000000086d00000, 0x0000000086d00000| Untracked 
| 110|0x0000000086e00000, 0x0000000086e00000, 0x0000000086f00000|  0%| F|  |TAMS 0x0000000086e00000, 0x0000000086e00000| Untracked 
| 111|0x0000000086f00000, 0x0000000086f00000, 0x0000000087000000|  0%| F|  |TAMS 0x0000000086f00000, 0x0000000086f00000| Untracked 
| 112|0x0000000087000000, 0x0000000087000000, 0x0000000087100000|  0%| F|  |TAMS 0x0000000087000000, 0x0000000087000000| Untracked 
| 113|0x0000000087100000, 0x0000000087100000, 0x0000000087200000|  0%| F|  |TAMS 0x0000000087100000, 0x0000000087100000| Untracked 
| 114|0x0000000087200000, 0x0000000087200000, 0x0000000087300000|  0%| F|  |TAMS 0x0000000087200000, 0x0000000087200000| Untracked 
| 115|0x0000000087300000, 0x0000000087300000, 0x0000000087400000|  0%| F|  |TAMS 0x0000000087300000, 0x0000000087300000| Untracked 
| 116|0x0000000087400000, 0x0000000087400000, 0x0000000087500000|  0%| F|  |TAMS 0x0000000087400000, 0x0000000087400000| Untracked 
| 117|0x0000000087500000, 0x0000000087500000, 0x0000000087600000|  0%| F|  |TAMS 0x0000000087500000, 0x0000000087500000| Untracked 
| 118|0x0000000087600000, 0x0000000087600000, 0x0000000087700000|  0%| F|  |TAMS 0x0000000087600000, 0x0000000087600000| Untracked 
| 119|0x0000000087700000, 0x0000000087700000, 0x0000000087800000|  0%| F|  |TAMS 0x0000000087700000, 0x0000000087700000| Untracked 
| 120|0x0000000087800000, 0x0000000087800000, 0x0000000087900000|  0%| F|  |TAMS 0x0000000087800000, 0x0000000087800000| Untracked 
| 121|0x0000000087900000, 0x0000000087900000, 0x0000000087a00000|  0%| F|  |TAMS 0x0000000087900000, 0x0000000087900000| Untracked 
| 122|0x0000000087a00000, 0x0000000087a00000, 0x0000000087b00000|  0%| F|  |TAMS 0x0000000087a00000, 0x0000000087a00000| Untracked 
| 123|0x0000000087b00000, 0x0000000087b00000, 0x0000000087c00000|  0%| F|  |TAMS 0x0000000087b00000, 0x0000000087b00000| Untracked 
| 124|0x0000000087c00000, 0x0000000087c00000, 0x0000000087d00000|  0%| F|  |TAMS 0x0000000087c00000, 0x0000000087c00000| Untracked 
| 125|0x0000000087d00000, 0x0000000087d00000, 0x0000000087e00000|  0%| F|  |TAMS 0x0000000087d00000, 0x0000000087d00000| Untracked 
| 126|0x0000000087e00000, 0x0000000087e00000, 0x0000000087f00000|  0%| F|  |TAMS 0x0000000087e00000, 0x0000000087e00000| Untracked 
| 127|0x0000000087f00000, 0x0000000087f00000, 0x0000000088000000|  0%| F|  |TAMS 0x0000000087f00000, 0x0000000087f00000| Untracked 
| 128|0x0000000088000000, 0x0000000088000000, 0x0000000088100000|  0%| F|  |TAMS 0x0000000088000000, 0x0000000088000000| Untracked 
| 129|0x0000000088100000, 0x0000000088100000, 0x0000000088200000|  0%| F|  |TAMS 0x0000000088100000, 0x0000000088100000| Untracked 
| 130|0x0000000088200000, 0x0000000088200000, 0x0000000088300000|  0%| F|  |TAMS 0x0000000088200000, 0x0000000088200000| Untracked 
| 131|0x0000000088300000, 0x0000000088300000, 0x0000000088400000|  0%| F|  |TAMS 0x0000000088300000, 0x0000000088300000| Untracked 
| 132|0x0000000088400000, 0x0000000088400000, 0x0000000088500000|  0%| F|  |TAMS 0x0000000088400000, 0x0000000088400000| Untracked 
| 133|0x0000000088500000, 0x0000000088500000, 0x0000000088600000|  0%| F|  |TAMS 0x0000000088500000, 0x0000000088500000| Untracked 
| 134|0x0000000088600000, 0x0000000088600000, 0x0000000088700000|  0%| F|  |TAMS 0x0000000088600000, 0x0000000088600000| Untracked 
| 135|0x0000000088700000, 0x0000000088700000, 0x0000000088800000|  0%| F|  |TAMS 0x0000000088700000, 0x0000000088700000| Untracked 
| 136|0x0000000088800000, 0x0000000088800000, 0x0000000088900000|  0%| F|  |TAMS 0x0000000088800000, 0x0000000088800000| Untracked 
| 137|0x0000000088900000, 0x0000000088900000, 0x0000000088a00000|  0%| F|  |TAMS 0x0000000088900000, 0x0000000088900000| Untracked 
| 138|0x0000000088a00000, 0x0000000088a00000, 0x0000000088b00000|  0%| F|  |TAMS 0x0000000088a00000, 0x0000000088a00000| Untracked 
| 139|0x0000000088b00000, 0x0000000088b00000, 0x0000000088c00000|  0%| F|  |TAMS 0x0000000088b00000, 0x0000000088b00000| Untracked 
| 140|0x0000000088c00000, 0x0000000088c00000, 0x0000000088d00000|  0%| F|  |TAMS 0x0000000088c00000, 0x0000000088c00000| Untracked 
| 141|0x0000000088d00000, 0x0000000088d00000, 0x0000000088e00000|  0%| F|  |TAMS 0x0000000088d00000, 0x0000000088d00000| Untracked 
| 142|0x0000000088e00000, 0x0000000088e00000, 0x0000000088f00000|  0%| F|  |TAMS 0x0000000088e00000, 0x0000000088e00000| Untracked 
| 143|0x0000000088f00000, 0x0000000088f00000, 0x0000000089000000|  0%| F|  |TAMS 0x0000000088f00000, 0x0000000088f00000| Untracked 
| 144|0x0000000089000000, 0x0000000089000000, 0x0000000089100000|  0%| F|  |TAMS 0x0000000089000000, 0x0000000089000000| Untracked 
| 145|0x0000000089100000, 0x0000000089100000, 0x0000000089200000|  0%| F|  |TAMS 0x0000000089100000, 0x0000000089100000| Untracked 
| 146|0x0000000089200000, 0x0000000089200000, 0x0000000089300000|  0%| F|  |TAMS 0x0000000089200000, 0x0000000089200000| Untracked 
| 147|0x0000000089300000, 0x0000000089300000, 0x0000000089400000|  0%| F|  |TAMS 0x0000000089300000, 0x0000000089300000| Untracked 
| 148|0x0000000089400000, 0x0000000089400000, 0x0000000089500000|  0%| F|  |TAMS 0x0000000089400000, 0x0000000089400000| Untracked 
| 149|0x0000000089500000, 0x0000000089500000, 0x0000000089600000|  0%| F|  |TAMS 0x0000000089500000, 0x0000000089500000| Untracked 
| 150|0x0000000089600000, 0x0000000089600000, 0x0000000089700000|  0%| F|  |TAMS 0x0000000089600000, 0x0000000089600000| Untracked 
| 151|0x0000000089700000, 0x0000000089700000, 0x0000000089800000|  0%| F|  |TAMS 0x0000000089700000, 0x0000000089700000| Untracked 
| 152|0x0000000089800000, 0x0000000089800000, 0x0000000089900000|  0%| F|  |TAMS 0x0000000089800000, 0x0000000089800000| Untracked 
| 153|0x0000000089900000, 0x0000000089900000, 0x0000000089a00000|  0%| F|  |TAMS 0x0000000089900000, 0x0000000089900000| Untracked 
| 154|0x0000000089a00000, 0x0000000089a00000, 0x0000000089b00000|  0%| F|  |TAMS 0x0000000089a00000, 0x0000000089a00000| Untracked 
| 155|0x0000000089b00000, 0x0000000089b00000, 0x0000000089c00000|  0%| F|  |TAMS 0x0000000089b00000, 0x0000000089b00000| Untracked 
| 156|0x0000000089c00000, 0x0000000089c00000, 0x0000000089d00000|  0%| F|  |TAMS 0x0000000089c00000, 0x0000000089c00000| Untracked 
| 157|0x0000000089d00000, 0x0000000089d00000, 0x0000000089e00000|  0%| F|  |TAMS 0x0000000089d00000, 0x0000000089d00000| Untracked 
| 158|0x0000000089e00000, 0x0000000089e00000, 0x0000000089f00000|  0%| F|  |TAMS 0x0000000089e00000, 0x0000000089e00000| Untracked 
| 159|0x0000000089f00000, 0x0000000089f00000, 0x000000008a000000|  0%| F|  |TAMS 0x0000000089f00000, 0x0000000089f00000| Untracked 
| 160|0x000000008a000000, 0x000000008a000000, 0x000000008a100000|  0%| F|  |TAMS 0x000000008a000000, 0x000000008a000000| Untracked 
| 161|0x000000008a100000, 0x000000008a100000, 0x000000008a200000|  0%| F|  |TAMS 0x000000008a100000, 0x000000008a100000| Untracked 
| 162|0x000000008a200000, 0x000000008a200000, 0x000000008a300000|  0%| F|  |TAMS 0x000000008a200000, 0x000000008a200000| Untracked 
| 163|0x000000008a300000, 0x000000008a3345b8, 0x000000008a400000| 20%| E|  |TAMS 0x000000008a300000, 0x000000008a300000| Complete 
| 164|0x000000008a400000, 0x000000008a500000, 0x000000008a500000|100%| E|CS|TAMS 0x000000008a400000, 0x000000008a400000| Complete 
| 165|0x000000008a500000, 0x000000008a600000, 0x000000008a600000|100%| S|CS|TAMS 0x000000008a500000, 0x000000008a500000| Complete 
| 166|0x000000008a600000, 0x000000008a700000, 0x000000008a700000|100%| E|CS|TAMS 0x000000008a600000, 0x000000008a600000| Complete 
| 167|0x000000008a700000, 0x000000008a800000, 0x000000008a800000|100%| E|CS|TAMS 0x000000008a700000, 0x000000008a700000| Complete 
| 168|0x000000008a800000, 0x000000008a900000, 0x000000008a900000|100%| E|CS|TAMS 0x000000008a800000, 0x000000008a800000| Complete 
| 169|0x000000008a900000, 0x000000008aa00000, 0x000000008aa00000|100%| E|CS|TAMS 0x000000008a900000, 0x000000008a900000| Complete 
| 170|0x000000008aa00000, 0x000000008ab00000, 0x000000008ab00000|100%| E|CS|TAMS 0x000000008aa00000, 0x000000008aa00000| Complete 
| 171|0x000000008ab00000, 0x000000008ac00000, 0x000000008ac00000|100%| E|CS|TAMS 0x000000008ab00000, 0x000000008ab00000| Complete 
| 172|0x000000008ac00000, 0x000000008ad00000, 0x000000008ad00000|100%| E|CS|TAMS 0x000000008ac00000, 0x000000008ac00000| Complete 

Card table byte_map: [0x00000000157b0000,0x0000000015bb0000] _byte_map_base: 0x00000000153b0000

Marking Bits (Prev, Next): (CMBitMap*) 0x0000000000431270, (CMBitMap*) 0x0000000000431238
 Prev Bits: [0x0000000017fb0000, 0x0000000019fb0000)
 Next Bits: [0x0000000015fb0000, 0x0000000017fb0000)

Polling page: 0x0000000000340000

Metaspace:

Usage:
  Non-class:    110.58 MB capacity,   108.59 MB ( 98%) used,     1.65 MB (  1%) free+waste,   341.94 KB ( <1%) overhead. 
      Class:     16.95 MB capacity,    15.90 MB ( 94%) used,   926.95 KB (  5%) free+waste,   149.88 KB ( <1%) overhead. 
       Both:    127.52 MB capacity,   124.49 MB ( 98%) used,     2.56 MB (  2%) free+waste,   491.81 KB ( <1%) overhead. 

Virtual space:
  Non-class space:      118.00 MB reserved,     111.12 MB ( 94%) committed 
      Class space:        1.00 GB reserved,      17.13 MB (  2%) committed 
             Both:        1.12 GB reserved,     128.25 MB ( 11%) committed 

Chunk freelists:
   Non-Class:  365.00 KB
       Class:  182.00 KB
        Both:  547.00 KB

MaxMetaspaceSize: 17179869184.00 GB
CompressedClassSpaceSize: 1.00 GB

CodeHeap 'non-profiled nmethods': size=120064Kb used=10169Kb max_used=10169Kb free=109894Kb
 bounds [0x000000000da40000, 0x000000000e450000, 0x0000000014f80000]
CodeHeap 'profiled nmethods': size=120000Kb used=32295Kb max_used=34543Kb free=87704Kb
 bounds [0x0000000006510000, 0x0000000008700000, 0x000000000da40000]
CodeHeap 'non-nmethods': size=5696Kb used=2326Kb max_used=2377Kb free=3369Kb
 bounds [0x0000000005f80000, 0x00000000061f0000, 0x0000000006510000]
 total_blobs=16417 nmethods=15442 adapters=886
 compilation: enabled
              stopped_count=0, restarted_count=0
 full_count=0

Compilation events (20 events):
Event: 2767.562 Thread 0x000000005d250000 nmethod 18504 0x000000000e069410 code [0x000000000e0695a0, 0x000000000e069678]
Event: 2767.842 Thread 0x000000005d279000 18505       3       com.sun.xml.bind.v2.model.impl.TypeInfoImpl::nav (8 bytes)
Event: 2767.843 Thread 0x000000005d279000 nmethod 18505 0x0000000006858990 code [0x0000000006858b40, 0x0000000006858c58]
Event: 2767.848 Thread 0x000000005d250000 18506  s    4       java.io.DataOutputStream::write (14 bytes)
Event: 2767.867 Thread 0x000000005d250000 nmethod 18506 0x000000000e0eaf90 code [0x000000000e0eb160, 0x000000000e0ebcd8]
Event: 2767.876 Thread 0x000000005d279000 18507       1       jdk.internal.loader.AbstractClassLoaderValue$Sub::key (5 bytes)
Event: 2767.876 Thread 0x000000005d279000 nmethod 18507 0x000000000e084a10 code [0x000000000e084bc0, 0x000000000e084c78]
Event: 2767.878 Thread 0x000000005d250000 18508       4       java.lang.Class::privateGetPublicMethods (224 bytes)
Event: 2767.917 Thread 0x000000005d279000 18510       3       java.lang.reflect.Method::getDeclaredAnnotations (5 bytes)
Event: 2767.918 Thread 0x000000005d279000 nmethod 18510 0x0000000006cd8310 code [0x0000000006cd8500, 0x0000000006cd8968]
Event: 2767.926 Thread 0x000000005d279000 18511       3       javax.xml.namespace.QName::<init> (61 bytes)
Event: 2767.927 Thread 0x000000005d279000 nmethod 18511 0x0000000006ceb890 code [0x0000000006ceba80, 0x0000000006cebf98]
Event: 2767.933 Thread 0x000000005d279000 18512       3       com.sun.xml.bind.v2.model.impl.TypeInfoImpl::reader (8 bytes)
Event: 2767.933 Thread 0x000000005d279000 nmethod 18512 0x000000000687b610 code [0x000000000687b7c0, 0x000000000687b8d8]
Event: 2767.941 Thread 0x000000005d279000 18514       3       com.sun.xml.bind.v2.model.nav.ReflectionNavigator::getMethodParameters (9 bytes)
Event: 2767.943 Thread 0x000000005d279000 nmethod 18514 0x0000000006d21810 code [0x0000000006d21a40, 0x0000000006d22188]
Event: 2767.943 Thread 0x000000005d279000 18515       3       com.sun.xml.bind.v2.model.nav.ReflectionNavigator::getMethodParameters (5 bytes)
Event: 2767.947 Thread 0x000000005d279000 nmethod 18515 0x0000000006d22990 code [0x0000000006d22be0, 0x0000000006d234b8]
Event: 2767.947 Thread 0x000000005d279000 18516       3       com.sun.xml.bind.v2.model.nav.ReflectionNavigator::isBridgeMethod (9 bytes)
Event: 2767.947 Thread 0x000000005d279000 nmethod 18516 0x0000000006a49110 code [0x0000000006a492e0, 0x0000000006a495f8]

GC Heap History (20 events):
Event: 2706.265 GC heap before
{Heap before GC invocations=112 (full 0):
 garbage-first heap   total 177152K, used 145223K [0x0000000080000000, 0x0000000100000000)
  region size 1024K, 53 young (54272K), 3 survivors (3072K)
 Metaspace       used 112348K, capacity 115542K, committed 115836K, reserved 1150976K
  class space    used 14176K, capacity 15296K, committed 15360K, reserved 1048576K
}
Event: 2706.351 GC heap after
{Heap after GC invocations=113 (full 0):
 garbage-first heap   total 177152K, used 96087K [0x0000000080000000, 0x0000000100000000)
  region size 1024K, 4 young (4096K), 4 survivors (4096K)
 Metaspace       used 112348K, capacity 115542K, committed 115836K, reserved 1150976K
  class space    used 14176K, capacity 15296K, committed 15360K, reserved 1048576K
}
Event: 2718.194 GC heap before
{Heap before GC invocations=113 (full 0):
 garbage-first heap   total 177152K, used 146263K [0x0000000080000000, 0x0000000100000000)
  region size 1024K, 54 young (55296K), 4 survivors (4096K)
 Metaspace       used 117867K, capacity 121096K, committed 121340K, reserved 1155072K
  class space    used 14815K, capacity 15953K, committed 16000K, reserved 1048576K
}
Event: 2718.431 GC heap after
{Heap after GC invocations=114 (full 0):
 garbage-first heap   total 177152K, used 99042K [0x0000000080000000, 0x0000000100000000)
  region size 1024K, 7 young (7168K), 7 survivors (7168K)
 Metaspace       used 117867K, capacity 121096K, committed 121340K, reserved 1155072K
  class space    used 14815K, capacity 15953K, committed 16000K, reserved 1048576K
}
Event: 2738.743 GC heap before
{Heap before GC invocations=115 (full 0):
 garbage-first heap   total 177152K, used 148194K [0x0000000080000000, 0x0000000100000000)
  region size 1024K, 55 young (56320K), 7 survivors (7168K)
 Metaspace       used 121099K, capacity 124183K, committed 124924K, reserved 1157120K
  class space    used 15183K, capacity 16220K, committed 16512K, reserved 1048576K
}
Event: 2739.130 GC heap after
{Heap after GC invocations=116 (full 0):
 garbage-first heap   total 177152K, used 102651K [0x0000000080000000, 0x0000000100000000)
  region size 1024K, 7 young (7168K), 7 survivors (7168K)
 Metaspace       used 121099K, capacity 124183K, committed 124924K, reserved 1157120K
  class space    used 15183K, capacity 16220K, committed 16512K, reserved 1048576K
}
Event: 2739.228 GC heap before
{Heap before GC invocations=116 (full 0):
 garbage-first heap   total 177152K, used 103675K [0x0000000080000000, 0x0000000100000000)
  region size 1024K, 8 young (8192K), 7 survivors (7168K)
 Metaspace       used 121187K, capacity 124279K, committed 125180K, reserved 1159168K
  class space    used 15197K, capacity 16252K, committed 16512K, reserved 1048576K
}
Event: 2740.401 GC heap after
{Heap after GC invocations=117 (full 0):
 garbage-first heap   total 177152K, used 95232K [0x0000000080000000, 0x0000000100000000)
  region size 1024K, 1 young (1024K), 1 survivors (1024K)
 Metaspace       used 121187K, capacity 124279K, committed 125180K, reserved 1159168K
  class space    used 15197K, capacity 16252K, committed 16512K, reserved 1048576K
}
Event: 2748.709 GC heap before
{Heap before GC invocations=117 (full 0):
 garbage-first heap   total 177152K, used 102400K [0x0000000080000000, 0x0000000100000000)
  region size 1024K, 8 young (8192K), 1 survivors (1024K)
 Metaspace       used 121881K, capacity 125016K, committed 125820K, reserved 1159168K
  class space    used 15302K, capacity 16348K, committed 16640K, reserved 1048576K
}
Event: 2750.065 GC heap after
{Heap after GC invocations=118 (full 0):
 garbage-first heap   total 177152K, used 92828K [0x0000000080000000, 0x0000000100000000)
  region size 1024K, 1 young (1024K), 1 survivors (1024K)
 Metaspace       used 121881K, capacity 125016K, committed 125820K, reserved 1159168K
  class space    used 15302K, capacity 16348K, committed 16640K, reserved 1048576K
}
Event: 2756.512 GC heap before
{Heap before GC invocations=118 (full 0):
 garbage-first heap   total 177152K, used 98972K [0x0000000080000000, 0x0000000100000000)
  region size 1024K, 8 young (8192K), 1 survivors (1024K)
 Metaspace       used 122966K, capacity 126078K, committed 126844K, reserved 1159168K
  class space    used 15522K, capacity 16575K, committed 16896K, reserved 1048576K
}
Event: 2756.603 GC heap after
{Heap after GC invocations=119 (full 0):
 garbage-first heap   total 177152K, used 92170K [0x0000000080000000, 0x0000000100000000)
  region size 1024K, 1 young (1024K), 1 survivors (1024K)
 Metaspace       used 122966K, capacity 126078K, committed 126844K, reserved 1159168K
  class space    used 15522K, capacity 16575K, committed 16896K, reserved 1048576K
}
Event: 2758.105 GC heap before
{Heap before GC invocations=119 (full 0):
 garbage-first heap   total 177152K, used 102410K [0x0000000080000000, 0x0000000100000000)
  region size 1024K, 11 young (11264K), 1 survivors (1024K)
 Metaspace       used 124279K, capacity 127394K, committed 128124K, reserved 1161216K
  class space    used 15773K, capacity 16843K, committed 17152K, reserved 1048576K
}
Event: 2758.116 GC heap after
{Heap after GC invocations=120 (full 0):
 garbage-first heap   total 177152K, used 92743K [0x0000000080000000, 0x0000000100000000)
  region size 1024K, 2 young (2048K), 2 survivors (2048K)
 Metaspace       used 124279K, capacity 127394K, committed 128124K, reserved 1161216K
  class space    used 15773K, capacity 16843K, committed 17152K, reserved 1048576K
}
Event: 2758.714 GC heap before
{Heap before GC invocations=120 (full 0):
 garbage-first heap   total 177152K, used 102983K [0x0000000080000000, 0x0000000100000000)
  region size 1024K, 12 young (12288K), 2 survivors (2048K)
 Metaspace       used 125056K, capacity 128156K, committed 128892K, reserved 1161216K
  class space    used 15874K, capacity 16948K, committed 17152K, reserved 1048576K
}
Event: 2758.736 GC heap after
{Heap after GC invocations=121 (full 0):
 garbage-first heap   total 177152K, used 93732K [0x0000000080000000, 0x0000000100000000)
  region size 1024K, 2 young (2048K), 2 survivors (2048K)
 Metaspace       used 125056K, capacity 128156K, committed 128892K, reserved 1161216K
  class space    used 15874K, capacity 16948K, committed 17152K, reserved 1048576K
}
Event: 2764.667 GC heap before
{Heap before GC invocations=121 (full 0):
 garbage-first heap   total 177152K, used 106020K [0x0000000080000000, 0x0000000100000000)
  region size 1024K, 14 young (14336K), 2 survivors (2048K)
 Metaspace       used 126048K, capacity 129140K, committed 129788K, reserved 1161216K
  class space    used 16032K, capacity 17084K, committed 17280K, reserved 1048576K
}
Event: 2764.797 GC heap after
{Heap after GC invocations=122 (full 0):
 garbage-first heap   total 177152K, used 94593K [0x0000000080000000, 0x0000000100000000)
  region size 1024K, 2 young (2048K), 2 survivors (2048K)
 Metaspace       used 126048K, capacity 129140K, committed 129788K, reserved 1161216K
  class space    used 16032K, capacity 17084K, committed 17280K, reserved 1048576K
}
Event: 2766.866 GC heap before
{Heap before GC invocations=122 (full 0):
 garbage-first heap   total 177152K, used 100737K [0x0000000080000000, 0x0000000100000000)
  region size 1024K, 9 young (9216K), 2 survivors (2048K)
 Metaspace       used 126758K, capacity 129846K, committed 130428K, reserved 1169408K
  class space    used 16127K, capacity 17193K, committed 17408K, reserved 1048576K
}
Event: 2766.932 GC heap after
{Heap after GC invocations=123 (full 0):
 garbage-first heap   total 177152K, used 94737K [0x0000000080000000, 0x0000000100000000)
  region size 1024K, 1 young (1024K), 1 survivors (1024K)
 Metaspace       used 126758K, capacity 129846K, committed 130428K, reserved 1169408K
  class space    used 16127K, capacity 17193K, committed 17408K, reserved 1048576K
}

Deoptimization events (20 events):
Event: 2759.227 Thread 0x0000000071b27000 Uncommon trap: trap_request=0xfffffff4 fr.pc=0x000000000e00ed80 relative=0x0000000000000160
Event: 2759.227 Thread 0x0000000071b27000 Uncommon trap: reason=null_check action=make_not_entrant pc=0x000000000e00ed80 method=org.gradle.internal.instantiation.generator.AbstractClassGenerator.isPropertyType(Ljava/lang/Class;)Z @ 12 c2
Event: 2759.228 Thread 0x0000000071b27000 DEOPT PACKING pc=0x000000000e00ed80 sp=0x00000000626da070
Event: 2759.228 Thread 0x0000000071b27000 DEOPT UNPACKING pc=0x0000000005fa65a9 sp=0x00000000626da020 mode 2
Event: 2763.978 Thread 0x000000006fe4d800 Uncommon trap: trap_request=0xffffff4d fr.pc=0x000000000e38c198 relative=0x0000000000004538
Event: 2763.978 Thread 0x000000006fe4d800 Uncommon trap: reason=unstable_if action=reinterpret pc=0x000000000e38c198 method=java.util.concurrent.ThreadPoolExecutor.getTask()Ljava/lang/Runnable; @ 111 c2
Event: 2763.978 Thread 0x000000006fe4d800 DEOPT PACKING pc=0x000000000e38c198 sp=0x000000006c4af1a0
Event: 2763.978 Thread 0x000000006fe4d800 DEOPT UNPACKING pc=0x0000000005fa65a9 sp=0x000000006c4af1c0 mode 2
Event: 2767.847 Thread 0x0000000071b27000 Uncommon trap: trap_request=0xffffffc6 fr.pc=0x000000000e030548 relative=0x0000000000000108
Event: 2767.847 Thread 0x0000000071b27000 Uncommon trap: reason=bimorphic_or_optimized_type_check action=maybe_recompile pc=0x000000000e030548 method=java.util.Collections$UnmodifiableList.get(I)Ljava/lang/Object; @ 5 c2
Event: 2767.847 Thread 0x0000000071b27000 DEOPT PACKING pc=0x000000000e030548 sp=0x00000000626d90a0
Event: 2767.847 Thread 0x0000000071b27000 DEOPT UNPACKING pc=0x0000000005fa65a9 sp=0x00000000626d9038 mode 2
Event: 2767.925 Thread 0x0000000071b27000 Uncommon trap: trap_request=0xffffffc6 fr.pc=0x000000000e030548 relative=0x0000000000000108
Event: 2767.926 Thread 0x0000000071b27000 Uncommon trap: reason=bimorphic_or_optimized_type_check action=maybe_recompile pc=0x000000000e030548 method=java.util.Collections$UnmodifiableList.get(I)Ljava/lang/Object; @ 5 c2
Event: 2767.926 Thread 0x0000000071b27000 DEOPT PACKING pc=0x000000000e030548 sp=0x00000000626d90a0
Event: 2767.926 Thread 0x0000000071b27000 DEOPT UNPACKING pc=0x0000000005fa65a9 sp=0x00000000626d9038 mode 2
Event: 2767.933 Thread 0x0000000071b27000 Uncommon trap: trap_request=0xffffffc6 fr.pc=0x000000000e030548 relative=0x0000000000000108
Event: 2767.933 Thread 0x0000000071b27000 Uncommon trap: reason=bimorphic_or_optimized_type_check action=maybe_recompile pc=0x000000000e030548 method=java.util.Collections$UnmodifiableList.get(I)Ljava/lang/Object; @ 5 c2
Event: 2767.933 Thread 0x0000000071b27000 DEOPT PACKING pc=0x000000000e030548 sp=0x00000000626d90a0
Event: 2767.933 Thread 0x0000000071b27000 DEOPT UNPACKING pc=0x0000000005fa65a9 sp=0x00000000626d9038 mode 2

Classes redefined (0 events):
No events

Internal exceptions (20 events):
Event: 2737.758 Thread 0x0000000071b27000 Exception <a 'java/lang/ClassNotFoundException'{0x00000000885a3950}: build_f02nw9lq8y2pfogyny3ef50tp$_run_closure1$_closure4BeanInfo> (0x00000000885a3950) thrown at [./src/hotspot/share/classfile/systemDictionary.cpp, line 231]
Event: 2737.759 Thread 0x0000000071b27000 Exception <a 'java/lang/ClassNotFoundException'{0x00000000885b2d90}: build_f02nw9lq8y2pfogyny3ef50tp$_run_closure1$_closure4Customizer> (0x00000000885b2d90) thrown at [./src/hotspot/share/classfile/systemDictionary.cpp, line 231]
Event: 2737.765 Thread 0x0000000071b27000 Exception <a 'java/lang/ClassNotFoundException'{0x00000000885df9c0}: build_f02nw9lq8y2pfogyny3ef50tp$_run_closure1BeanInfo> (0x00000000885df9c0) thrown at [./src/hotspot/share/classfile/systemDictionary.cpp, line 231]
Event: 2737.766 Thread 0x0000000071b27000 Exception <a 'java/lang/ClassNotFoundException'{0x00000000885ee8a8}: build_f02nw9lq8y2pfogyny3ef50tp$_run_closure1Customizer> (0x00000000885ee8a8) thrown at [./src/hotspot/share/classfile/systemDictionary.cpp, line 231]
Event: 2737.821 Thread 0x0000000071b27000 Exception <a 'java/lang/ClassNotFoundException'{0x0000000088446268}: com/android/build/gradle/internal/CompileOptions_DecoratedBeanInfo> (0x0000000088446268) thrown at [./src/hotspot/share/classfile/systemDictionary.cpp, line 231]
Event: 2737.822 Thread 0x0000000071b27000 Exception <a 'java/lang/ClassNotFoundException'{0x000000008845ae98}: com/android/build/gradle/internal/CompileOptionsBeanInfo> (0x000000008845ae98) thrown at [./src/hotspot/share/classfile/systemDictionary.cpp, line 231]
Event: 2737.825 Thread 0x0000000071b27000 Exception <a 'java/lang/ClassNotFoundException'{0x0000000088470100}: com/android/build/gradle/internal/CompileOptionsCustomizer> (0x0000000088470100) thrown at [./src/hotspot/share/classfile/systemDictionary.cpp, line 231]
Event: 2737.826 Thread 0x0000000071b27000 Exception <a 'java/lang/ClassNotFoundException'{0x0000000088491bf8}: com/android/build/gradle/internal/CompileOptions_DecoratedCustomizer> (0x0000000088491bf8) thrown at [./src/hotspot/share/classfile/systemDictionary.cpp, line 231]
Event: 2758.357 Thread 0x0000000071b27000 Exception <a 'java/lang/ClassNotFoundException'{0x000000008a8b3810}: com/android/build/gradle/internal/api/ApkVariantOutputImpl_DecoratedBeanInfo> (0x000000008a8b3810) thrown at [./src/hotspot/share/classfile/systemDictionary.cpp, line 231]
Event: 2758.358 Thread 0x0000000071b27000 Exception <a 'java/lang/ClassNotFoundException'{0x000000008a8c8e00}: com/android/build/gradle/internal/api/ApkVariantOutputImplBeanInfo> (0x000000008a8c8e00) thrown at [./src/hotspot/share/classfile/systemDictionary.cpp, line 231]
Event: 2758.359 Thread 0x0000000071b27000 Exception <a 'java/lang/ClassNotFoundException'{0x000000008a8de7d8}: com/android/build/gradle/internal/api/BaseVariantOutputImplBeanInfo> (0x000000008a8de7d8) thrown at [./src/hotspot/share/classfile/systemDictionary.cpp, line 231]
Event: 2758.371 Thread 0x0000000071b27000 Exception <a 'java/lang/ClassNotFoundException'{0x000000008a8f4480}: com/android/build/gradle/internal/api/BaseVariantOutputImplCustomizer> (0x000000008a8f4480) thrown at [./src/hotspot/share/classfile/systemDictionary.cpp, line 231]
Event: 2758.385 Thread 0x0000000071b27000 Exception <a 'java/lang/ClassNotFoundException'{0x000000008a71c9e0}: com/android/build/gradle/internal/api/ApkVariantOutputImplCustomizer> (0x000000008a71c9e0) thrown at [./src/hotspot/share/classfile/systemDictionary.cpp, line 231]
Event: 2758.387 Thread 0x0000000071b27000 Exception <a 'java/lang/ClassNotFoundException'{0x000000008a740c30}: com/android/build/gradle/internal/api/ApkVariantOutputImpl_DecoratedCustomizer> (0x000000008a740c30) thrown at [./src/hotspot/share/classfile/systemDictionary.cpp, line 231]
Event: 2758.493 Thread 0x0000000071b27000 Implicit null exception at 0x000000000dd4af34 to 0x000000000dd50330
Event: 2758.497 Thread 0x0000000071b27000 Implicit null exception at 0x000000000dce64de to 0x000000000dce6af4
Event: 2759.099 Thread 0x0000000071b27000 Implicit null exception at 0x000000000dfee830 to 0x000000000dfee908
Event: 2759.227 Thread 0x0000000071b27000 Implicit null exception at 0x000000000e00ec39 to 0x000000000e00ed71
Event: 2761.621 Thread 0x0000000071b27000 Exception <a 'sun/nio/fs/WindowsException'{0x000000008a3bbbe8}> (0x000000008a3bbbe8) thrown at [./src/hotspot/share/prims/jni.cpp, line 615]
Event: 2766.830 Thread 0x0000000071b27000 Exception <a 'java/lang/NullPointerException'{0x000000008a7d33b0}> (0x000000008a7d33b0) thrown at [./src/hotspot/share/interpreter/linkResolver.cpp, line 1440]

Events (20 events):
Event: 2767.908 loading class javax/xml/bind/annotation/adapters/CollapsedStringAdapter
Event: 2767.908 loading class javax/xml/bind/annotation/adapters/CollapsedStringAdapter done
Event: 2767.911 loading class javax/xml/bind/annotation/XmlSchemaType$DEFAULT
Event: 2767.911 loading class javax/xml/bind/annotation/XmlSchemaType$DEFAULT done
Event: 2767.915 loading class com/sun/xml/bind/v2/model/impl/AttributePropertyInfoImpl$1
Event: 2767.915 loading class com/sun/xml/bind/v2/model/impl/AttributePropertyInfoImpl$1 done
Event: 2767.920 loading class com/sun/xml/bind/v2/model/annotation/MethodLocatable
Event: 2767.920 loading class com/sun/xml/bind/v2/model/annotation/MethodLocatable done
Event: 2767.921 loading class com/sun/xml/bind/v2/model/nav/ReflectionNavigator$10
Event: 2767.921 loading class com/sun/xml/bind/v2/model/nav/ReflectionNavigator$10 done
Event: 2767.923 loading class com/sun/xml/bind/v2/model/annotation/ClassLocatable
Event: 2767.923 loading class com/sun/xml/bind/v2/model/annotation/ClassLocatable done
Event: 2767.924 loading class javax/xml/bind/annotation/XmlSeeAlso
Event: 2767.924 loading class javax/xml/bind/annotation/XmlSeeAlso done
Event: 2767.934 loading class com/android/repository/api/RepositorySource
Event: 2767.934 loading class com/android/repository/api/RepositorySource done
Event: 2767.935 loading class javax/xml/bind/annotation/XmlElement$DEFAULT
Event: 2767.935 loading class javax/xml/bind/annotation/XmlElement$DEFAULT done
Event: 2767.943 loading class com/sun/xml/bind/v2/model/impl/GetterSetterPropertySeed
Event: 2767.943 loading class com/sun/xml/bind/v2/model/impl/GetterSetterPropertySeed done


Dynamic libraries:
0x000000013f270000 - 0x000000013f27a000 	C:\Program Files\Android\Android Studio\jre\bin\java.exe
0x00000000773c0000 - 0x000000007755f000 	C:\Windows\SYSTEM32\ntdll.dll
0x00000000772a0000 - 0x00000000773c0000 	C:\Windows\system32\kernel32.dll
0x000007fefd060000 - 0x000007fefd0c7000 	C:\Windows\system32\KERNELBASE.dll
0x000007fef60c0000 - 0x000007fef60d9000 	C:\Program Files\Android\Android Studio\jre\bin\jli.dll
0x000007fefb640000 - 0x000007fefb835000 	C:\Windows\WinSxS\amd64_microsoft.windows.common-controls_6595b64144ccf1df_6.0.7601.24483_none_e372d88f30fbb845\COMCTL32.dll
0x000007fefe420000 - 0x000007fefe4bf000 	C:\Windows\system32\msvcrt.dll
0x000007fefe520000 - 0x000007fefe588000 	C:\Windows\system32\GDI32.dll
0x00000000771a0000 - 0x000000007729b000 	C:\Windows\system32\USER32.dll
0x000007feff180000 - 0x000007feff18e000 	C:\Windows\system32\LPK.dll
0x000007fefed00000 - 0x000007fefedcb000 	C:\Windows\system32\USP10.dll
0x000007feff430000 - 0x000007feff4a1000 	C:\Windows\system32\SHLWAPI.dll
0x000007fef2e30000 - 0x000007fef2e47000 	C:\Program Files\Android\Android Studio\jre\bin\VCRUNTIME140.dll
0x000007fef8900000 - 0x000007fef8904000 	C:\Windows\system32\api-ms-win-crt-runtime-l1-1-0.dll
0x000007fef8800000 - 0x000007fef88f4000 	C:\Windows\system32\ucrtbase.DLL
0x000007fef87f0000 - 0x000007fef87f3000 	C:\Windows\system32\api-ms-win-core-timezone-l1-1-0.dll
0x000007fef87e0000 - 0x000007fef87e3000 	C:\Windows\system32\api-ms-win-core-file-l2-1-0.dll
0x000007fef87d0000 - 0x000007fef87d3000 	C:\Windows\system32\api-ms-win-core-localization-l1-2-0.dll
0x000007fef87c0000 - 0x000007fef87c3000 	C:\Windows\system32\api-ms-win-core-synch-l1-2-0.dll
0x000007fef87b0000 - 0x000007fef87b3000 	C:\Windows\system32\api-ms-win-core-processthreads-l1-1-1.dll
0x000007fef87a0000 - 0x000007fef87a3000 	C:\Windows\system32\api-ms-win-core-file-l1-2-0.dll
0x000007fef8780000 - 0x000007fef8784000 	C:\Windows\system32\api-ms-win-crt-string-l1-1-0.dll
0x000007fef8790000 - 0x000007fef8793000 	C:\Windows\system32\api-ms-win-crt-heap-l1-1-0.dll
0x000007fef8770000 - 0x000007fef8774000 	C:\Windows\system32\api-ms-win-crt-stdio-l1-1-0.dll
0x000007fef8760000 - 0x000007fef8764000 	C:\Windows\system32\api-ms-win-crt-convert-l1-1-0.dll
0x000007fef8680000 - 0x000007fef8683000 	C:\Windows\system32\api-ms-win-crt-environment-l1-1-0.dll
0x000007fef86a0000 - 0x000007fef86a3000 	C:\Windows\system32\api-ms-win-crt-filesystem-l1-1-0.dll
0x000007fef8670000 - 0x000007fef8675000 	C:\Windows\system32\api-ms-win-crt-math-l1-1-0.dll
0x000007fef86b0000 - 0x000007fef86b3000 	C:\Windows\system32\api-ms-win-crt-locale-l1-1-0.dll
0x000007feff190000 - 0x000007feff1be000 	C:\Windows\system32\IMM32.DLL
0x000007fefe650000 - 0x000007fefe75b000 	C:\Windows\system32\MSCTF.dll
0x000007fef1910000 - 0x000007fef19ad000 	C:\Program Files\Android\Android Studio\jre\bin\msvcp140.dll
0x000007fefb8c0000 - 0x000007fefb8c5000 	C:\Windows\system32\api-ms-win-crt-multibyte-l1-1-0.dll
0x000007fef8690000 - 0x000007fef8693000 	C:\Windows\system32\api-ms-win-crt-time-l1-1-0.dll
0x000007fef8660000 - 0x000007fef8663000 	C:\Windows\system32\api-ms-win-crt-utility-l1-1-0.dll
0x000007feed6b0000 - 0x000007feee16c000 	C:\Program Files\Android\Android Studio\jre\bin\server\jvm.dll
0x000007fefe340000 - 0x000007fefe41b000 	C:\Windows\system32\ADVAPI32.dll
0x000007fefe590000 - 0x000007fefe5af000 	C:\Windows\SYSTEM32\sechost.dll
0x000007fefee70000 - 0x000007fefef9a000 	C:\Windows\system32\RPCRT4.dll
0x000007fef6c00000 - 0x000007fef6c09000 	C:\Windows\system32\WSOCK32.dll
0x000007fefecb0000 - 0x000007fefecfd000 	C:\Windows\system32\WS2_32.dll
0x000007fefe330000 - 0x000007fefe338000 	C:\Windows\system32\NSI.dll
0x000007fef9760000 - 0x000007fef979b000 	C:\Windows\system32\WINMM.dll
0x000007fefbf40000 - 0x000007fefbf4c000 	C:\Windows\system32\VERSION.dll
0x0000000077570000 - 0x0000000077577000 	C:\Windows\system32\PSAPI.DLL
0x000007fef6bb0000 - 0x000007fef6bc1000 	C:\Program Files\Android\Android Studio\jre\bin\verify.dll
0x000007fef43c0000 - 0x000007fef44e5000 	C:\Windows\system32\DBGHELP.DLL
0x000007fef6b80000 - 0x000007fef6ba9000 	C:\Program Files\Android\Android Studio\jre\bin\java.dll
0x000007fef6b70000 - 0x000007fef6b7b000 	C:\Program Files\Android\Android Studio\jre\bin\jimage.dll
0x000007fef6120000 - 0x000007fef6138000 	C:\Program Files\Android\Android Studio\jre\bin\zip.dll
0x000007fefd2d0000 - 0x000007fefe05b000 	C:\Windows\system32\SHELL32.dll
0x000007feff4b0000 - 0x000007feff6b0000 	C:\Windows\system32\ole32.dll
0x000007fefcf20000 - 0x000007fefcf2f000 	C:\Windows\system32\profapi.dll
0x000007fef6b50000 - 0x000007fef6b6a000 	C:\Program Files\Android\Android Studio\jre\bin\net.dll
0x000007fef4fd0000 - 0x000007fef5041000 	C:\Windows\system32\WINHTTP.dll
0x000007fef4f60000 - 0x000007fef4fc5000 	C:\Windows\system32\webio.dll
0x000007fefc650000 - 0x000007fefc6a5000 	C:\Windows\system32\mswsock.dll
0x000007fefc640000 - 0x000007fefc647000 	C:\Windows\System32\wship6.dll
0x000007fef6100000 - 0x000007fef6114000 	C:\Program Files\Android\Android Studio\jre\bin\nio.dll
0x000007fef29a0000 - 0x000007fef29c7000 	C:\Users\User\.gradle\native\fdc75f09e3144964f2cf3f50f0aa648679c211496f362492102eb8c894070792\windows-amd64\native-platform.dll
0x000007feed510000 - 0x000007feed6a6000 	C:\Users\User\.gradle\native\12488b8bf47d2d4c9fbf2f6322a914ad602e24e48041cd04a747c6da556b65c4\windows-amd64\native-platform-file-events.dll
0x000007fef60f0000 - 0x000007fef60fa000 	C:\Program Files\Android\Android Studio\jre\bin\management.dll
0x000007fef6b40000 - 0x000007fef6b4c000 	C:\Program Files\Android\Android Studio\jre\bin\management_ext.dll
0x000007fefc6b0000 - 0x000007fefc6c8000 	C:\Windows\system32\CRYPTSP.dll
0x000007fefc390000 - 0x000007fefc3d7000 	C:\Windows\system32\rsaenh.dll
0x000007fefcf80000 - 0x000007fefcf9f000 	C:\Windows\system32\USERENV.dll
0x000007fefcd70000 - 0x000007fefcd7f000 	C:\Windows\system32\CRYPTBASE.dll
0x000007fefa9a0000 - 0x000007fefa9c7000 	C:\Windows\system32\IPHLPAPI.DLL
0x000007fefa990000 - 0x000007fefa99b000 	C:\Windows\system32\WINNSI.DLL
0x000007fefa620000 - 0x000007fefa631000 	C:\Windows\system32\dhcpcsvc6.DLL
0x000007fefa500000 - 0x000007fefa518000 	C:\Windows\system32\dhcpcsvc.DLL
0x000007fefcd10000 - 0x000007fefcd67000 	C:\Windows\system32\apphelp.dll
0x000007fefa830000 - 0x000007fefa84e000 	C:\Users\User\AppData\Local\Temp\native-platform10272190988090462406dir\native-platform.dll
0x000007fefa860000 - 0x000007fefa868000 	C:\Program Files\Android\Android Studio\jre\bin\rmi.dll
0x000007fef2ee0000 - 0x000007fef2f07000 	C:\Program Files\Android\Android Studio\jre\bin\sunec.dll

dbghelp: loaded successfully - version: 4.0.5 - missing functions: none
symbol engine: initialized successfully - sym options: 0x614 - pdb path: .;C:\Program Files\Android\Android Studio\jre\bin;C:\Windows\SYSTEM32;C:\Windows\WinSxS\amd64_microsoft.windows.common-controls_6595b64144ccf1df_6.0.7601.24483_none_e372d88f30fbb845;C:\Program Files\Android\Android Studio\jre\bin\server;C:\Users\User\.gradle\native\fdc75f09e3144964f2cf3f50f0aa648679c211496f362492102eb8c894070792\windows-amd64;C:\Users\User\.gradle\native\12488b8bf47d2d4c9fbf2f6322a914ad602e24e48041cd04a747c6da556b65c4\windows-amd64;C:\Users\User\AppData\Local\Temp\native-platform10272190988090462406dir

VM Arguments:
jvm_args: --add-opens=java.base/java.util=ALL-UNNAMED --add-opens=java.base/java.lang=ALL-UNNAMED --add-opens=java.base/java.lang.invoke=ALL-UNNAMED --add-opens=java.prefs/java.util.prefs=ALL-UNNAMED -Xmx2048m -Dfile.encoding=UTF-8 -Duser.country=RU -Duser.language=ru -Duser.variant 
java_command: org.gradle.launcher.daemon.bootstrap.GradleDaemon 6.7.1
java_class_path (initial): C:\Users\User\.gradle\wrapper\dists\gradle-6.7.1-bin\bwlcbys1h7rz3272sye1xwiv6\gradle-6.7.1\lib\gradle-launcher-6.7.1.jar
Launcher Type: SUN_STANDARD

[Global flags]
     intx CICompilerCount                          = 2                                         {product} {ergonomic}
     uint ConcGCThreads                            = 1                                         {product} {ergonomic}
     uint G1ConcRefinementThreads                  = 2                                         {product} {ergonomic}
   size_t G1HeapRegionSize                         = 1048576                                   {product} {ergonomic}
    uintx GCDrainStackTargetSize                   = 64                                        {product} {ergonomic}
   size_t InitialHeapSize                          = 67108864                                  {product} {ergonomic}
   size_t MarkStackSize                            = 4194304                                   {product} {ergonomic}
   size_t MaxHeapSize                              = 2147483648                                {product} {command line}
   size_t MaxNewSize                               = 1287651328                                {product} {ergonomic}
   size_t MinHeapDeltaBytes                        = 1048576                                   {product} {ergonomic}
    uintx NonNMethodCodeHeapSize                   = 5825164                                {pd product} {ergonomic}
    uintx NonProfiledCodeHeapSize                  = 122916538                              {pd product} {ergonomic}
    uintx ProfiledCodeHeapSize                     = 122916538                              {pd product} {ergonomic}
    uintx ReservedCodeCacheSize                    = 251658240                              {pd product} {ergonomic}
     bool SegmentedCodeCache                       = true                                      {product} {ergonomic}
     bool UseCompressedClassPointers               = true                                 {lp64_product} {ergonomic}
     bool UseCompressedOops                        = true                                 {lp64_product} {ergonomic}
     bool UseG1GC                                  = true                                      {product} {ergonomic}
     bool UseLargePagesIndividualAllocation        = false                                  {pd product} {ergonomic}

Logging:
Log output configuration:
 #0: stdout all=warning uptime,level,tags
 #1: stderr all=off uptime,level,tags

Environment Variables:
PATH=C:\Program Files (x86)\Common Files\Oracle\Java\javapath;C:\Program Files\Java\jdk1.8.0_281\bin;C:\Program Files\Git\cmd;C:\Program Files\JetBrains\IntelliJ IDEA Community Edition 2021.2.3\bin;;C:\Program Files\JetBrains\IntelliJ IDEA 2019.3.5\bin;
USERNAME=User
OS=Windows_NT
PROCESSOR_IDENTIFIER=AMD64 Family 15 Model 75 Stepping 2, AuthenticAMD



---------------  S Y S T E M  ---------------

OS: Windows 7 , 64 bit Build 7601 (6.1.7601.24596)
OS uptime: 0 days 7:26 hours

CPU:total 2 (initial active 2) (2 cores per cpu, 1 threads per core) family 15 model 75 stepping 2, cmov, cx8, fxsr, mmx, sse, sse2, sse3, mmxext, 3dnowpref, tsc

Memory: 4k page, system-wide physical 4095M (285M free)
TotalPageFile size 11093M (AvailPageFile size 157M)
current process WorkingSet (physical memory assigned to process): 375M, peak: 461M
current process commit charge ("private bytes"): 490M, peak: 514M

vm_info: OpenJDK 64-Bit Server VM (11.0.8+10-b944.6842174) for windows-amd64 JRE (11.0.8+10-b944.6842174), built on Sep 19 2020 01:11:42 by "builder" with MS VC++ 14.0 (VS2015)

END.
